
> app-priyanshu@1.0.0 android
> node scripts/start-expo.js --android --port 8083 --clear

env: load .env
env: export EXPO_PUBLIC_API_BASE_URL EXPO_PUBLIC_API_TIMEOUT_MS
Starting project at D:\app-priyanshu\app-priyanshu
Starting Metro Bundler

warning: Bundler cache is empty, rebuilding (this may take a minute)
The following packages should be updated for best compatibility with the installed expo version:
  react-native-safe-area-context@5.7.0 - expected version: ~5.6.2
  react-native-screens@4.24.0 - expected version: ~4.23.0
Your project may not work correctly until you install the expected versions of the packages.
› Opening exp://192.168.29.95:8083 on Pixel_3a_API_36_extension_level_17_x86_64
Waiting on http://localhost:8083
Logs for your project will appear below.
Android .\index.js ▓░░░░░░░░░░░░░░░ 12.5% ( 18/132)
Android .\index.js ▓▓▓▓▓▓▓▓▓▓▓░░░░░ 74.2% (565/656)
Android Bundled 9040ms index.js (1042 modules)
Android .\index.js ░░░░░░░░░░░░░░░░  0.0% (0/1)
Android Bundled 43ms index.js (1 module)
^C^C